-------- 2011-10-14 09:29:04 --------


-------- 2011-10-14 09:30:01 --------
SELECT COUNT(1) FROM pages WHERE alias='asdf' 

-------- 2011-10-14 09:30:06 --------
SELECT COUNT(1) FROM pages WHERE alias='asdfa' 
INSERT INTO pages ('type','title','alias','body','published','format','meta_description','meta_keywords','stored_in_file','modif_date','author','create_date') VALUES ('1','asdf','asdfa','<p>asdf</p>',1,'html','asdf','asdf',0,'1318573806','1','1318573806')

-------- 2011-10-14 09:30:06 --------
SELECT COUNT(1) FROM pages ORDER BY id desc
SELECT * FROM pages ORDER BY id desc LIMIT 0, 50

-------- 2011-10-14 09:32:47 --------


-------- 2011-10-14 09:32:48 --------


-------- 2011-10-14 09:33:00 --------
INSERT INTO pages ('type','title','alias','body','published','format','meta_description','meta_keywords','stored_in_file','modif_date','author','create_date') VALUES ('1','asdf','asdfa','<p>asdf</p>',1,'html','asdf','asdf',0,'1318573806','1','1318573806')
select * from pages;

-------- 2011-10-14 09:33:17 --------
INSERT INTO pages ('id','type','title','alias','body','published','format','meta_description','meta_keywords','stored_in_file','modif_date','author','create_date') VALUES (null, '1','asdf','asdfa','<p>asdf</p>',1,'html','asdf','asdf',0,'1318573806','1','1318573806')
select * from pages;

-------- 2011-10-14 09:34:00 --------
SELECT sql FROM sqlite_master WHERE type = "table" AND name= "pages"

-------- 2011-10-14 09:34:53 --------
CREATE TABLE pages (
  'id' 				INTEGER PRIMARY KEY,
  'title' 			TEXT NOT NULL,
  'alias' 			VARCHAR(255) NOT NULL,
  'body' 			TEXT,
  'author' 			INTEGER NOT NULL,
  'published' 		BOOLEAN DEFAULT FALSE,
'type' SMALLINT,
  'format'			CHAR(10),
  'is_snippet'		BOOLEAN DEFAULT FALSE,
  'stored_in_file'	BOOLEAN DEFAULT FALSE,
  'meta_description' TEXT,
  'meta_keywords'	TEXT,
  'modif_date'		INTEGER DEFAULT '0',
  'create_date'		INTEGER DEFAULT '0'

-------- 2011-10-14 09:39:46 --------
DROP TABLE pages
CREATE TABLE pages (
  'id' 				INTEGER PRIMARY KEY,
  'title' 			TEXT NOT NULL,
  'alias' 			VARCHAR(255) NOT NULL,
  'body' 			TEXT,
  'author' 			INTEGER NOT NULL,
  'published' 		BOOLEAN DEFAULT FALSE,
'type' SMALLINT,
  'format'			CHAR(10),
  'is_snippet'		BOOLEAN DEFAULT FALSE,
  'stored_in_file'	BOOLEAN DEFAULT FALSE,
  'meta_description' TEXT,
  'meta_keywords'	TEXT,
  'modif_date'		INTEGER DEFAULT '0',
  'create_date'		INTEGER DEFAULT '0'

-------- 2011-10-14 09:40:05 --------
DROP TABLE pages

-------- 2011-10-14 09:40:12 --------
CREATE TABLE pages (
  'id' 				INTEGER PRIMARY KEY,
  'title' 			TEXT NOT NULL,
  'alias' 			VARCHAR(255) NOT NULL,
  'body' 			TEXT,
  'author' 			INTEGER NOT NULL,
  'published' 		BOOLEAN DEFAULT FALSE,
'type' SMALLINT,
  'format'			CHAR(10),
  'is_snippet'		BOOLEAN DEFAULT FALSE,
  'stored_in_file'	BOOLEAN DEFAULT FALSE,
  'meta_description' TEXT,
  'meta_keywords'	TEXT,
  'modif_date'		INTEGER DEFAULT '0',
  'create_date'		INTEGER DEFAULT '0'
)

-------- 2011-10-14 09:40:21 --------
INSERT INTO pages ('type','title','alias','body','published','format','meta_description','meta_keywords','stored_in_file','modif_date','author','create_date') VALUES ('1','asdf','asdfa','<p>asdf</p>',1,'html','asdf','asdf',0,'1318573806','1','1318573806')

-------- 2011-10-14 09:40:31 --------
select * from pages;

-------- 2011-10-14 09:40:45 --------


-------- 2011-10-14 09:40:49 --------
SELECT COUNT(1) FROM pages ORDER BY id desc
SELECT * FROM pages ORDER BY id desc LIMIT 0, 50

-------- 2011-10-14 09:41:13 --------


-------- 2011-10-14 09:41:32 --------
SELECT COUNT(1) FROM pages WHERE alias='alias' 
INSERT INTO pages ('type','title','alias','body','published','format','meta_description','meta_keywords','stored_in_file','modif_date','author','create_date') VALUES ('1','заголовок','alias','<p>text</p>',1,'html','meta','meta2',0,'1318574492','1','1318574492')

-------- 2011-10-14 09:41:32 --------
SELECT COUNT(1) FROM pages ORDER BY id desc
SELECT * FROM pages ORDER BY id desc LIMIT 0, 50

-------- 2011-10-14 09:41:35 --------
SELECT * FROM pages WHERE id='2'

-------- 2011-10-14 09:41:42 --------
SELECT * FROM pages WHERE id='2'
SELECT COUNT(1) FROM pages WHERE alias='alias'  AND id!=2
UPDATE pages SET 'type'='1','title'='заголовок','alias'='alias','body'='<p>text</p>','published'=1,'format'='php','meta_description'='meta','meta_keywords'='meta2','stored_in_file'=0,'modif_date'='1318574502' WHERE id='2'

-------- 2011-10-14 09:41:42 --------
SELECT COUNT(1) FROM pages ORDER BY id desc
SELECT * FROM pages ORDER BY id desc LIMIT 0, 50

-------- 2011-10-14 09:41:44 --------
SELECT * FROM pages WHERE id='2'

-------- 2011-10-14 09:41:51 --------
SELECT * FROM pages WHERE id='2'
SELECT COUNT(1) FROM pages WHERE alias='alias'  AND id!=2
UPDATE pages SET 'type'='1','title'='заголовок','alias'='alias','body'='<p>text</p>','format'='php','meta_description'='meta','meta_keywords'='meta2','stored_in_file'=0,'published'=0,'modif_date'='1318574511' WHERE id='2'

-------- 2011-10-14 09:41:51 --------
SELECT COUNT(1) FROM pages ORDER BY id desc
SELECT * FROM pages ORDER BY id desc LIMIT 0, 50

-------- 2011-10-14 09:43:13 --------
SELECT COUNT(1) FROM pages ORDER BY id desc
SELECT * FROM pages ORDER BY id desc LIMIT 0, 50

-------- 2011-10-14 09:43:23 --------
SELECT COUNT(1) FROM pages ORDER BY id desc
SELECT * FROM pages ORDER BY id desc LIMIT 0, 50

-------- 2011-10-14 09:43:56 --------
SELECT COUNT(1) FROM pages ORDER BY id desc
SELECT * FROM pages ORDER BY id desc LIMIT 0, 50

-------- 2011-10-14 09:44:00 --------
SELECT * FROM pages WHERE id='2'
UPDATE pages SET 'published'=1 WHERE id='2'
SELECT COUNT(1) FROM pages ORDER BY id desc
SELECT * FROM pages ORDER BY id desc LIMIT 0, 50

-------- 2011-10-14 09:44:01 --------
SELECT * FROM pages WHERE id='2'
UPDATE pages SET 'published'=0 WHERE id='2'
SELECT COUNT(1) FROM pages ORDER BY id desc
SELECT * FROM pages ORDER BY id desc LIMIT 0, 50

-------- 2011-10-14 09:44:01 --------
SELECT * FROM pages WHERE id='2'
UPDATE pages SET 'published'=1 WHERE id='2'
SELECT COUNT(1) FROM pages ORDER BY id desc
SELECT * FROM pages ORDER BY id desc LIMIT 0, 50

-------- 2011-10-14 09:44:02 --------
SELECT * FROM pages WHERE id='2'
UPDATE pages SET 'published'=0 WHERE id='2'
SELECT COUNT(1) FROM pages ORDER BY id desc
SELECT * FROM pages ORDER BY id desc LIMIT 0, 50

-------- 2011-10-14 09:44:04 --------
SELECT * FROM pages WHERE id='2'

-------- 2011-10-14 09:45:02 --------
SELECT * FROM pages WHERE id='2'

